[16:29:03] [ServerMain/INFO]: [MultiPaperConnection] Connecting to 172.21.0.2:35353...
[16:29:03] [MultiPaper-Netty-2/INFO]: [MultiPaperConnection] Connected to 172.21.0.2/172.21.0.2:35353
[16:29:06] [ServerMain/INFO]: Environment: authHost='https://authserver.mojang.com', accountsHost='https://api.mojang.com', sessionHost='https://sessionserver.mojang.com', servicesHost='https://api.minecraftservices.com', name='PROD'
[16:29:07] [ServerMain/INFO]: Loaded 7 recipes
[16:29:07] [Server thread/INFO]: Starting minecraft server version 1.20.1
[16:29:07] [Server thread/WARN]: ****************************
[16:29:07] [Server thread/WARN]: YOU ARE RUNNING THIS SERVER AS AN ADMINISTRATIVE OR ROOT USER. THIS IS NOT ADVISED.
[16:29:07] [Server thread/WARN]: YOU ARE OPENING YOURSELF UP TO POTENTIAL RISKS WHEN DOING THIS.
[16:29:07] [Server thread/WARN]: FOR MORE INFORMATION, SEE https://madelinemiller.dev/blog/root-minecraft-server/
[16:29:07] [Server thread/WARN]: ****************************
[16:29:07] [Server thread/INFO]: Loading properties
[16:29:07] [Server thread/INFO]: This server is running MultiPaper version MultiPaper-1.20.1-60 (MC: 1.20.1) (Implementing API version 1.20.1-R0.1-SNAPSHOT) (Git: 7af143b)
[16:29:07] [Server thread/INFO]: Server Ping Player Sample Count: 12
[16:29:07] [Server thread/INFO]: Using 4 threads for Netty based IO
[16:29:07] [Server thread/INFO]: [ChunkTaskScheduler] Chunk system is using 1 I/O threads, 2 worker threads, and gen parallelism of 2 threads
[16:29:08] [Server thread/INFO]: [Pufferfish] Max SIMD vector size on this system is 128 bits (int)
[16:29:08] [Server thread/INFO]: [Pufferfish] Max SIMD vector size on this system is 128 bits (float)
[16:29:08] [Server thread/INFO]: [Pufferfish] SIMD operations detected as functional. Will replace some operations with faster versions.
[16:29:08] [Server thread/INFO]: Default game type: SURVIVAL
[16:29:08] [Server thread/INFO]: Generating keypair
[16:29:08] [Server thread/INFO]: Starting Minecraft server on *:25565
[16:29:08] [Server thread/INFO]: Using epoll channel type
[16:29:08] [Server thread/INFO]: Paper: Using libdeflate (Linux aarch64) compression from Velocity.
[16:29:08] [Server thread/INFO]: Paper: Using OpenSSL 1.1.x (Linux aarch64) cipher from Velocity.
[16:29:08] [Server thread/INFO]: [spark] Loading server plugin spark v1.10.140
[16:29:08] [Server thread/WARN]: **** SERVER IS RUNNING IN OFFLINE/INSECURE MODE!
[16:29:08] [Server thread/WARN]: The server will make no attempt to authenticate usernames. Beware.
[16:29:08] [Server thread/WARN]: Whilst this makes it possible to use BungeeCord, unless access to your server is properly restricted, it also opens up the ability for hackers to connect with any username they choose.
[16:29:08] [Server thread/WARN]: Please see http://www.spigotmc.org/wiki/firewall-guide/ for further information.
[16:29:08] [Server thread/WARN]: To change this, set "online-mode" to "true" in the server.properties file.
[16:29:08] [Server thread/INFO]: Preparing level "world"
[16:29:08] [Server thread/INFO]: [spark] Enabling spark v1.10.140
[16:29:08] [Server thread/INFO]: [spark] Using Paper ServerTickStartEvent for tick monitoring
[16:29:08] [Server thread/INFO]: [spark] Starting background profiler...
[16:29:09] [Server thread/INFO]: Running delayed init tasks
[16:29:09] [Server thread/INFO]: Done (1.717s)! For help, type "help"
